412/5*7*+76*+6+76/4/26/-0/9/7/-3+02/0/-6-48/+96/68*-59/+4*5/1*+19*2*-2-0-57/3+0+6++5+43+50/9/7/515*3/-2-/+5/9-+

4

72-1+21+5+0--31+0*2/8-8-83/*43/7*3*9++82-057+/--853-/-3-9-0+6+8-35/-48/+73/+07-50*5*3*+1+85*8/+2-07+1*1/10-1-*+85-+/-

82/2+49++8-0-4-00/4/0/1/1*760*-7-/2-54/-12/-9-139*9/6/1-7+9+0*64*6*2*45*37+*0*-2+*19*+6-5-0+1-316*8*/3*29*/6++/7530/5/-9-5*+5+*-*

71/20/-93/+91*8/-431/+-123/7/-12/4*2/-6-26*70*1*28*1/7*1/5+688/1/--63/-47*5*0/+/*-74*-*9/7*1/4/0+8+43*-7+

13+22+-390/-7+70/-7*+52*-9+43*40/0-55*73-*13/6/4/-+/-55/82*5/8*7*--915**6*0*11*+40/+-

4652*0/97*2/5*6/-6-0-*98*5-64/3*2*5/+7-7+-+40+3/47/3/4/-68*2*+74/26+9++990*+-1-87-5-+77/0*+62*+/-

52/16*54*+9+7+18*+07+1+7+-962*/36+1+-1+--0-7-56-7-935*8+35*4/7/-91/-9-13*9*-*4259+/4*0*-0*-83*+4-82*--288/0*+*9+5+-

20/8*84*2/+4-32/9*2*+8+69/+4-0-56*5/+73/+9+04/+090*7/3/1-*39*8/5/4+3+/+51/5/79*9*37/*-9-3+6-62*4/+-68/18/+54/5*-8+40*7/5*6*--

248*1+*752*-46+*4*2/15*484-/2*-/+8-0*7/1-29+17*2*-8*5*+0-2+4-

28/06*8*6*7/+093-2+*+18/1-457/7*+0-95/-47/-217**-*7+091//6+51/82-/5/048*+8-*-3743*/*--71/+-

93*9/4/8/649*8/77-/+-79+2++78*-4-6+55/4*-29/8*6/6/+70/7/4*+

597--74*79*-3-+14*61*9+175/*-/+10+468*73/8/*+37/2*+5+0-7/3/+097*3-*7/7*4/+52++259/9/61//*-71/-1/3/+2+42/66*1/02*-18*+*-

79*7/0/65*3/-11*6*-9-6+4+41/+6*9/1+6+06/3*2*+87+-17--18*9+-64/+5+03/69/1*1/58*4*-/-13*336/6/+*6*+7-4+839/-1-8++1+02*07/*-

61*0/7-1-7+8+3+5-09*+5-0+9+19*4*5*-92/-45/0924/+*-17*6/8/1*-9-+

65/08/6/29*-3-25/+6+09-575+*+/+46/7/6-49*-8-73*7*92-/-7-253*1/-38/1*+6-44/9-3+-/54*2+*+205*2**5*9*40*/+

40-74/-40*+71*8*8**8/0/1*1/40/4-5-1-0-0+9/-20+7*33/7/8*+25*381*9/+/-464/6/3//3*2/30/14/9*+13/7*+/-+

05*3/0/1*9/04/5/+37*+36-7-2+4+28-50*3/4-/00/6/2*61/6*+98*3*-*-8/2/+19*95-6*9-61-01/2/-8-+*-90-3+-

74/25/-14-61*-4+10/+6-2+4+801*8/6/+26/49*-**6/-36+7+8*21-7+75*6/5*2*+/90*7+7-7+37/+59+6-506-/*2/+27/3/3/68*0+08*1/97-*+/-*-

50*8/6/3/18/-

75/6*0+6+97*+812-5/24*-*1*+32/-8+08*7/774/2*-1-3+4+2+46*-*99-/85-0/8//1*5*59*00/7//94//8*1-*9*-43/-4+57/2/0+60/+041+3/50/-*-+

79+70/6/+88/+96*-27*-2+35*-3+88/+7+3+7-48/-74/5-1-12/9*4*7*+82/+6+6-5-1/+4-3-8-535*+-30/19/9+7+8+2-25/62*+1-+1716*7-/3*-+5+/-

62349/9-64*97//6*4/1*-656-*2*9/3/+/8/915+9-0*7*7+/+42*+0+/+

00*8/79/0*+40*2/5*0/1*-7-2-4/857-27/-/9+48*5/+/1-9-06*+33*-2+24/-7-

2375*0/8*8/-63/1/9/2+42*5+/2/4*+*

91/557/*6*-62*9/-28*+3+2-58/9/-6+93/3*+4-8-47*3*-1+0+705+9+/5*7/+7+

84+69/76*/-494*6*0/-434*-6-061/3+/-349/8/--*-15/0*6+2+3+065/+*2-/74/5*5*/7*22/+9-

32-4+9-

827*69+/+4+23/6/-46/6/71/8/9*1-0+*2/+31/-8666/+-64*36/-3-+2+2-69/+5+-

71-9+33*0/-56*21/33+1-/--

72*51*-29/0/+05/-2+9-93*-57*+481/63/8/0/6*0*8/+3-1+*-9-

54+7+

57*4*5-6+8-8*43*-9-0+855*2**4*-48+9-*346*7/-9*+71*7*+5-22*9*+0-9-41*2*57**+11/2*2*1/80-0+*+

19/6/36/9/-9-08*-74*-141/+7/2/91/*5+2*85*0/8*8/6*55-1-4+*-*

88/97+0-4*94*80/2/*+5+1-48/+81-20*-82*-4*-9-2-12*3/3/3*-3+/70++50/-9-6-1-991*+1/+

27/1-05-6-+5-7+93*370/+3+2+88/+1-/+5+8-11/+56*8*4+0*11/7/8/5-*+00/4*3*76/*-40*1/59+92/0/8/5*+/-

76+5341*-2-*112*3*7-/8/2*+4--0/7*4*3/2-9+65*-2-8+04*3/+8-63/-

704/3/8+11*6/9*0/-1+8882-2+*8/+*-06/0*0*-3-98*+74+48*-9-+38/23*7*1/9*8*-48/98-2+85++/80*4+4-*8*-5+93/--

29+3-00+4-/3-439/3-/-50*-9+91/-5-47/33/*-5+3+49*3/-1-60*5*4/-7-2-3+

29+6-8+02*1*+96*275/6*+6-4-/+0+9+42*-2+6+92-+455**+68*7*-524*++1-5-02-0--28*+53*+30*3/7/9/2*6*+51*-

90-0+30*0*+7-2-0-0+61/8/-4-96/9*+313-3+*+

694/+21/-05*2*1*-98/46*+013/8/7*-3+364*6*99*+/*4/+52/2/+-

46/16/-06*1/+8+4-8+36/5*5/-8+

70+2+04*+39/9/+394/1/9/88*8/*9/+-

52/56+-6+51*-60-+88-89/--16*9//5-42+68//59+9+94/-*2*76/-6--38*8/4+7+90/5*1*5*7/5/1-98/-1/-5-58/-3+644/-8+8+-778+/-6-/

93-6/28/8/4/-0+6-2989/76*2/6/-6--6/32/9+*+89+4-08/-*+431-/-50*6-1-32*++28/+9+61*+0-

397+*00--9+8-173-/+93*7/8*+73*+7-28/0/+15*-95*4*6*-42*+04*2*3*5*-41+7-5-+92*+29*+27*0*1/67*4/0-58/2/-*1*+80*1*96/9*5*5*+7+-

392+-6+

761*-67*8/8/0/7*-519/46+/+-5/1+8-0-3+8-71*9/091/0/-6-8-6-23*+9+5+/-

136+0-67/+81/1/-7-5+82/++0-8-2873/+*+5-7-8+47/10*-5+-57*3*-74/49*0/4/3*1/*-2+72/7/0/+38*+1+83*4/4*-210*+70/8*0/++
